15:28:35 [INFO] Modo headless: False
15:28:35 [INFO] ====== WebDriver manager ======
15:28:36 [INFO] Get LATEST chromedriver version for google-chrome
15:28:37 [INFO] Get LATEST chromedriver version for google-chrome
15:28:37 [INFO] There is no [win64] chromedriver "147.0.7727.117" for browser google-chrome "147.0.7727" in cache
15:28:37 [INFO] Get LATEST chromedriver version for google-chrome
15:28:37 [INFO] WebDriver version 147.0.7727.117 selected
15:28:37 [INFO] Modern chrome version https://storage.googleapis.com/chrome-for-testing-public/147.0.7727.117/win32/chromedriver-win32.zip
15:28:37 [INFO] About to download new driver from https://storage.googleapis.com/chrome-for-testing-public/147.0.7727.117/win32/chromedriver-win32.zip
15:28:37 [INFO] Driver downloading response is 200
15:28:38 [INFO] Get LATEST chromedriver version for google-chrome
15:28:38 [INFO] Driver has been saved in cache [C:\Users\Asus\.wdm\drivers\chromedriver\win64\147.0.7727.117]
15:28:40 [INFO] Iniciando scraping — 11 URLs semilla | max_pages=5
15:28:40 [INFO] [1/5] https://valledellili.org/
15:28:52 [INFO]   ✓ 'Inicio' → 1 chunks | categoría: 01_organizacion
15:28:54 [INFO] [2/5] https://valledellili.org/nuestra-institucion
15:30:17 [INFO]   ✓ 'Nuestra Institución' → 1 chunks | categoría: 01_organizacion
15:30:19 [INFO] [3/5] https://valledellili.org/servicios
15:30:26 [INFO] [4/5] https://valledellili.org/especialidades
15:30:35 [INFO] [5/5] https://valledellili.org/directorio-medico
15:30:43 [INFO] BFS completado — páginas procesadas: 5 | chunks totales: 2
15:30:45 [INFO] ============================================================
15:30:45 [INFO] SCRAPING COMPLETADO
15:30:45 [INFO] Archivo: data\knowledge_base.json
15:30:45 [INFO] Total chunks: 2
15:30:45 [INFO] Distribución por categoría:
15:30:45 [INFO]   01_organizacion                2 chunks
16:06:29 [INFO] Modo headless: False
16:06:29 [INFO] ====== WebDriver manager ======
16:06:30 [INFO] Get LATEST chromedriver version for google-chrome
16:06:30 [INFO] Get LATEST chromedriver version for google-chrome
16:06:31 [INFO] Driver [C:\Users\Asus\.wdm\drivers\chromedriver\win64\147.0.7727.117\chromedriver-win32/chromedriver.exe] found in cache
16:06:32 [INFO] [1/50] https://valledellili.org/
16:06:43 [INFO]   ✓ 'Inicio' → inicio.md [01_organizacion]
16:06:45 [INFO] [2/50] https://valledellili.org/nuestra-institucion
16:06:52 [INFO]   ✓ 'Nuestra Institución' → nuestra-institucion.md [01_organizacion]
16:06:54 [INFO] [3/50] https://valledellili.org/servicios
16:07:00 [INFO] [4/50] https://valledellili.org/especialidades
16:07:09 [INFO] [5/50] https://valledellili.org/directorio-medico
16:08:32 [INFO] [6/50] https://valledellili.org/nuestra-institucion/nuestras-sedes
16:08:42 [INFO] [7/50] https://valledellili.org/contactanos
16:10:07 [INFO] [8/50] https://valledellili.org/nuestra-institucion/marco-legal
16:10:15 [INFO] [9/50] https://valledellili.org/investigacion
16:10:24 [INFO] [10/50] https://valledellili.org/educacion
16:10:35 [INFO] [11/50] https://valledellili.org/noticias-y-eventos
16:12:35 [WARNING]   Selenium intento 1 falló: HTTPConnectionPool(host='localhost', port=60171): Read timed out. (read timeout=120)
16:13:19 [INFO] [12/50] https://valledellili.org/contactanos/
16:13:24 [INFO] [13/50] https://valledellili.org/atencion-al-paciente/especialidades/
16:13:33 [INFO] [14/50] https://valledellili.org/directorio-medico/
16:13:38 [INFO] [15/50] https://valledellili.org/comite-de-etica-en-investigacion-biomedica/
16:13:47 [INFO] [16/50] https://valledellili.org/publicaciones/todas/
16:13:55 [INFO] [17/50] https://valledellili.org/noticias-y-eventos/
16:14:00 [INFO] [18/50] https://valledellili.org/atencion-al-paciente/educacion-al-paciente/
16:14:09 [INFO] [19/50] https://valledellili.org/en/
16:14:17 [INFO]   ✓ 'Fundación Valle del Lili | Excellence in Health' → en.md [01_organizacion]
16:14:19 [INFO] [20/50] https://valledellili.org/atencion-al-paciente/pide-una-cita/
16:14:28 [INFO] [21/50] https://valledellili.org/nuestra-institucion/
16:14:31 [INFO]   ✓ 'Nuestra Institución' → nuestra-institucion.md [01_organizacion]
16:14:33 [INFO] [22/50] https://valledellili.org/nuestra-institucion/acerca-de-nosotros/
16:15:57 [INFO] [23/50] https://valledellili.org/nuestra-institucion/modelos-integrales-de-atencion/
16:16:05 [INFO] [24/50] https://valledellili.org/nuestra-institucion/gestion-de-calidad-en-la-fundacion-valle-del-lili/
16:16:13 [INFO] [25/50] https://valledellili.org/nuestra-institucion/responsabilidad-social-y-empresarial/
16:16:27 [INFO] [26/50] https://valledellili.org/nuestra-institucion/nuestras-sedes/
16:16:32 [INFO] [27/50] https://valledellili.org/nuestra-institucion/direccionamiento-estrategico/
16:16:41 [INFO] [28/50] https://valledellili.org/nuestra-institucion/proceso-de-referenciacion/
16:16:50 [INFO] [29/50] https://valledellili.org/nuestra-institucion/sistema-de-gestion-ambiental/
16:16:58 [INFO] [30/50] https://valledellili.org/nuestra-institucion/sistema-de-gestion-de-riesgos/
16:17:05 [INFO]   ✓ 'Sistema de Gestión de Riesgos | Fundación Valle del Lili' → sistema-de-gestion-de-riesgos.md [01_organizacion]
16:17:07 [INFO] [31/50] https://valledellili.org/nuestra-institucion/certificaciones/
16:17:14 [INFO] [32/50] https://valledellili.org/nuestra-institucion/sistema-de-gestion-de-seguridad-y-salud-en-el-trabajo-sg-sst/
16:17:23 [INFO] [33/50] https://valledellili.org/nuestra-institucion/informes-de-sostenibilidad/
16:17:33 [INFO] [34/50] https://valledellili.org/nuestra-institucion/marco-legal/
16:17:38 [INFO] [35/50] https://valledellili.org/nuestra-institucion/politica-de-tratamiento-de-datos/
16:17:45 [INFO] [36/50] https://valledellili.org/nuestra-institucion/informacion-pagos-proveedores/
16:17:54 [INFO] [37/50] https://valledellili.org/nuestra-institucion/trabaja-en-la-fundacion-valle-del-lili/
16:18:02 [INFO] [38/50] https://valledellili.org/nuestra-institucion/voluntariado/
16:18:11 [INFO] [39/50] https://valledellili.org/atencion-al-paciente/solicitar-cita/
16:18:16 [INFO] [40/50] https://valledellili.org/atencion-al-paciente/chequeo-medico-preventivo/
16:18:25 [INFO] [41/50] https://valledellili.org/atencion-al-paciente/preadmisiones/
16:18:32 [INFO]   ✓ 'Preadmisiones' → preadmisiones.md [02_servicios]
16:18:34 [INFO] [42/50] https://valledellili.org/atencion-al-paciente/laboratorio-clinico/
16:20:01 [INFO]   ✓ 'Laboratorio Clínico' → laboratorio-clinico.md [02_servicios]
16:20:04 [INFO] [43/50] https://valledellili.org/atencion-al-paciente/preparacion-para-examenes-medicos/
16:20:13 [INFO] [44/50] https://valledellili.org/atencion-al-paciente/data-preparacion-para-examenes-medicos/
16:20:22 [INFO] [45/50] https://valledellili.org/atencion-al-paciente/consulta-virtual/
16:20:30 [INFO] [46/50] https://valledellili.org/atencion-al-paciente/entidades-en-convenio/
16:20:40 [INFO] [47/50] https://valledellili.org/atencion-al-paciente/solicitud-de-historia-clinica/
16:20:48 [INFO] [48/50] https://valledellili.org/atencion-al-paciente/derechos-y-deberes-del-paciente/
16:20:57 [INFO] [49/50] https://valledellili.org/atencion-al-paciente/seguridad-del-paciente/
16:21:07 [INFO] [50/50] https://valledellili.org/departamentos-y-servicios/cardiologia/
16:21:15 [INFO]   ✓ 'Cardiología' → cardiologia.md [02_servicios]
16:21:17 [INFO] Scraping finalizado: 8 documentos escritos
16:21:17 [INFO] [1/50] https://valledellili.org/
16:21:20 [INFO]   ✓ 'Inicio' → inicio.md [01_organizacion]
16:21:22 [INFO] [2/50] https://valledellili.org/nuestra-institucion
16:21:25 [INFO]   ✓ 'Nuestra Institución' → nuestra-institucion.md [01_organizacion]
16:21:27 [INFO] [3/50] https://valledellili.org/servicios
16:21:32 [INFO] [4/50] https://valledellili.org/especialidades
16:21:37 [INFO] [5/50] https://valledellili.org/directorio-medico
16:21:43 [INFO] [6/50] https://valledellili.org/nuestra-institucion/nuestras-sedes
16:21:48 [INFO] [7/50] https://valledellili.org/contactanos
16:21:53 [INFO] [8/50] https://valledellili.org/nuestra-institucion/marco-legal
16:21:58 [INFO] [9/50] https://valledellili.org/investigacion
16:22:03 [INFO] [10/50] https://valledellili.org/educacion
16:22:08 [INFO] [11/50] https://valledellili.org/noticias-y-eventos
16:22:13 [INFO] [12/50] https://valledellili.org/contactanos/
16:22:18 [INFO] [13/50] https://valledellili.org/atencion-al-paciente/especialidades/
16:22:23 [INFO] [14/50] https://valledellili.org/directorio-medico/
16:22:29 [INFO] [15/50] https://valledellili.org/comite-de-etica-en-investigacion-biomedica/
16:22:34 [INFO] [16/50] https://valledellili.org/publicaciones/todas/
16:22:39 [INFO] [17/50] https://valledellili.org/noticias-y-eventos/
16:22:44 [INFO] [18/50] https://valledellili.org/atencion-al-paciente/educacion-al-paciente/
16:22:49 [INFO] [19/50] https://valledellili.org/en/
16:22:52 [INFO]   ✓ 'Fundación Valle del Lili | Excellence in Health' → en.md [01_organizacion]
16:22:54 [INFO] [20/50] https://valledellili.org/atencion-al-paciente/pide-una-cita/
16:22:59 [INFO] [21/50] https://valledellili.org/nuestra-institucion/
16:23:02 [INFO]   ✓ 'Nuestra Institución' → nuestra-institucion.md [01_organizacion]
16:23:04 [INFO] [22/50] https://valledellili.org/nuestra-institucion/acerca-de-nosotros/
16:23:09 [INFO] [23/50] https://valledellili.org/nuestra-institucion/modelos-integrales-de-atencion/
16:23:14 [INFO] [24/50] https://valledellili.org/nuestra-institucion/gestion-de-calidad-en-la-fundacion-valle-del-lili/
16:23:19 [INFO] [25/50] https://valledellili.org/nuestra-institucion/responsabilidad-social-y-empresarial/
16:23:27 [INFO] [26/50] https://valledellili.org/nuestra-institucion/nuestras-sedes/
16:23:32 [INFO] [27/50] https://valledellili.org/nuestra-institucion/direccionamiento-estrategico/
16:23:37 [INFO] [28/50] https://valledellili.org/nuestra-institucion/proceso-de-referenciacion/
16:23:42 [INFO] [29/50] https://valledellili.org/nuestra-institucion/sistema-de-gestion-ambiental/
16:23:48 [INFO] [30/50] https://valledellili.org/nuestra-institucion/sistema-de-gestion-de-riesgos/
16:23:51 [INFO]   ✓ 'Sistema de Gestión de Riesgos | Fundación Valle del Lili' → sistema-de-gestion-de-riesgos.md [01_organizacion]
16:23:53 [INFO] [31/50] https://valledellili.org/nuestra-institucion/certificaciones/
16:23:58 [INFO] [32/50] https://valledellili.org/nuestra-institucion/sistema-de-gestion-de-seguridad-y-salud-en-el-trabajo-sg-sst/
16:24:03 [INFO] [33/50] https://valledellili.org/nuestra-institucion/informes-de-sostenibilidad/
16:24:09 [INFO] [34/50] https://valledellili.org/nuestra-institucion/marco-legal/
16:24:13 [INFO] [35/50] https://valledellili.org/nuestra-institucion/politica-de-tratamiento-de-datos/
16:24:18 [INFO] [36/50] https://valledellili.org/nuestra-institucion/informacion-pagos-proveedores/
16:24:23 [INFO] [37/50] https://valledellili.org/nuestra-institucion/trabaja-en-la-fundacion-valle-del-lili/
16:24:28 [INFO] [38/50] https://valledellili.org/nuestra-institucion/voluntariado/
16:24:33 [INFO] [39/50] https://valledellili.org/atencion-al-paciente/solicitar-cita/
16:24:38 [INFO] [40/50] https://valledellili.org/atencion-al-paciente/chequeo-medico-preventivo/
16:24:43 [INFO] [41/50] https://valledellili.org/atencion-al-paciente/preadmisiones/
16:24:46 [INFO]   ✓ 'Preadmisiones' → preadmisiones.md [02_servicios]
16:24:48 [INFO] [42/50] https://valledellili.org/atencion-al-paciente/laboratorio-clinico/
16:24:51 [INFO]   ✓ 'Laboratorio Clínico' → laboratorio-clinico.md [02_servicios]
16:24:53 [INFO] [43/50] https://valledellili.org/atencion-al-paciente/preparacion-para-examenes-medicos/
16:24:59 [INFO] [44/50] https://valledellili.org/atencion-al-paciente/data-preparacion-para-examenes-medicos/
16:25:04 [INFO] [45/50] https://valledellili.org/atencion-al-paciente/consulta-virtual/
16:25:09 [INFO] [46/50] https://valledellili.org/atencion-al-paciente/entidades-en-convenio/
16:25:14 [INFO] [47/50] https://valledellili.org/atencion-al-paciente/solicitud-de-historia-clinica/
16:25:19 [INFO] [48/50] https://valledellili.org/atencion-al-paciente/derechos-y-deberes-del-paciente/
16:25:24 [INFO] [49/50] https://valledellili.org/atencion-al-paciente/seguridad-del-paciente/
16:25:30 [INFO] [50/50] https://valledellili.org/departamentos-y-servicios/cardiologia/
16:25:34 [INFO]   ✓ 'Cardiología' → cardiologia.md [02_servicios]
16:25:38 [INFO] ============================================================
16:25:38 [INFO] SCRAPING COMPLETADO
16:25:38 [INFO] Archivo: data\knowledge_base.json
